mode: set
gomutestingrhtmlreport/go_mutesting_html_report.go:14.92,16.16 2 1
gomutestingrhtmlreport/go_mutesting_html_report.go:16.16,17.57 1 1
gomutestingrhtmlreport/go_mutesting_html_report.go:20.2,23.16 3 1
gomutestingrhtmlreport/go_mutesting_html_report.go:23.16,24.56 1 1
gomutestingrhtmlreport/go_mutesting_html_report.go:27.2,28.16 2 1
gomutestingrhtmlreport/go_mutesting_html_report.go:28.16,29.52 1 1
gomutestingrhtmlreport/go_mutesting_html_report.go:33.13,41.2 6 1
gomutestingrhtmlreport/reportDiffer.go:8.13,13.50 5 0
gomutestingrhtmlreport/reportDiffer.go:13.50,19.3 3 0
gomutestingrhtmlreport/reportDiffer.go:28.14,30.2 1 0
gomutestingrhtmlreport/todo_service.go:3.27,4.12 1 1
gomutestingrhtmlreport/todo_service.go:4.12,6.3 1 1
gomutestingrhtmlreport/todo_service.go:7.2,7.10 1 1
gomutestingrhtmlreport/utils.go:11.44,13.16 2 1
gomutestingrhtmlreport/utils.go:13.16,15.3 1 1
gomutestingrhtmlreport/utils.go:17.2,19.16 3 1
gomutestingrhtmlreport/utils.go:19.16,20.47 1 1
gomutestingrhtmlreport/utils.go:22.2,22.13 1 1
gomutestingrhtmlreport/utils.go:25.50,30.45 4 1
gomutestingrhtmlreport/utils.go:30.45,36.3 5 1
gomutestingrhtmlreport/utils.go:38.2,38.43 1 1
gomutestingrhtmlreport/utils.go:38.43,44.3 5 1
gomutestingrhtmlreport/utils.go:46.2,46.64 1 1
