mode: set
github.com/vikytech/go-mutesting-report-viewer/go_mutesting_html_report.go:66.37,68.16 2 1
github.com/vikytech/go-mutesting-report-viewer/go_mutesting_html_report.go:68.16,70.3 1 1
github.com/vikytech/go-mutesting-report-viewer/go_mutesting_html_report.go:72.2,74.16 3 1
github.com/vikytech/go-mutesting-report-viewer/go_mutesting_html_report.go:74.16,75.47 1 1
github.com/vikytech/go-mutesting-report-viewer/go_mutesting_html_report.go:77.2,77.13 1 1
github.com/vikytech/go-mutesting-report-viewer/go_mutesting_html_report.go:80.87,82.16 2 1
github.com/vikytech/go-mutesting-report-viewer/go_mutesting_html_report.go:82.16,83.57 1 1
github.com/vikytech/go-mutesting-report-viewer/go_mutesting_html_report.go:86.2,89.16 3 1
github.com/vikytech/go-mutesting-report-viewer/go_mutesting_html_report.go:89.16,90.56 1 1
github.com/vikytech/go-mutesting-report-viewer/go_mutesting_html_report.go:93.2,94.16 2 1
github.com/vikytech/go-mutesting-report-viewer/go_mutesting_html_report.go:94.16,95.52 1 1
github.com/vikytech/go-mutesting-report-viewer/go_mutesting_html_report.go:99.36,104.45 4 1
github.com/vikytech/go-mutesting-report-viewer/go_mutesting_html_report.go:104.45,110.3 5 1
github.com/vikytech/go-mutesting-report-viewer/go_mutesting_html_report.go:112.2,112.43 1 1
github.com/vikytech/go-mutesting-report-viewer/go_mutesting_html_report.go:112.43,118.3 5 1
github.com/vikytech/go-mutesting-report-viewer/go_mutesting_html_report.go:120.2,120.57 1 1
github.com/vikytech/go-mutesting-report-viewer/go_mutesting_html_report.go:123.13,131.2 6 1
